<?xml version="1.0" encoding="UTF-8"?>
<!-- Generated by org.testng.reporters.JUnitXMLReporter -->
<testsuite hostname="DESKTOP-987SG1D" ignored="3" name="Test" tests="2" failures="0" timestamp="2019-10-12T13:38:06 IST" time="0.105" errors="0">
  <testcase name="fillform" time="0.019" classname="groups.Testgroup1"/>
  <testcase name="validflightresults" time="0.006" classname="groups.Testgroup2"/>
  <testcase name="bookticket" time="0.0" classname="groups.Testgroup1">
    <ignored/>
  </testcase> <!-- bookticket -->
  <testcase name="dologin" time="0.0" classname="groups.Testgroup1">
    <ignored/>
  </testcase> <!-- dologin -->
  <testcase name="searchfligt" time="0.0" classname="groups.Testgroup1">
    <ignored/>
  </testcase> <!-- searchfligt -->
</testsuite> <!-- Test -->
